[debug] [2026-02-23T14:47:40.306Z] ----------------------------------------------------------------------
[debug] [2026-02-23T14:47:40.308Z] Command:       C:\Program Files\nodejs\node.exe C:\Users\Admin\AppData\Roaming\npm\node_modules\firebase-tools\lib\bin\firebase.js deploy --only hosting --debug
[debug] [2026-02-23T14:47:40.308Z] CLI Version:   14.24.1
[debug] [2026-02-23T14:47:40.309Z] Platform:      win32
[debug] [2026-02-23T14:47:40.309Z] Node Version:  v20.18.0
[debug] [2026-02-23T14:47:40.309Z] Time:          Mon Feb 23 2026 17:47:40 GMT+0300 (التوقيت العربي الرسمي)
[debug] [2026-02-23T14:47:40.309Z] ----------------------------------------------------------------------
[debug] 
[debug] [2026-02-23T14:47:40.464Z] > command requires scopes: ["email","openid","https://www.googleapis.com/auth/cloudplatformprojects.readonly","https://www.googleapis.com/auth/firebase","https://www.googleapis.com/auth/cloud-platform"]
[debug] [2026-02-23T14:47:40.466Z] > authorizing via signed-in user (tt666tta@gmail.com)
[debug] [2026-02-23T14:47:40.466Z] [iam] checking project revive-fasel-hd for permissions ["firebase.projects.get","firebasehosting.sites.update"]
[debug] [2026-02-23T14:47:40.467Z] Checked if tokens are valid: true, expires at: 1771860461192
[debug] [2026-02-23T14:47:40.467Z] Checked if tokens are valid: true, expires at: 1771860461192
[debug] [2026-02-23T14:47:40.468Z] >>> [apiv2][query] POST https://cloudresourcemanager.googleapis.com/v1/projects/revive-fasel-hd:testIamPermissions [none]
[debug] [2026-02-23T14:47:40.469Z] >>> [apiv2][(partial)header] POST https://cloudresourcemanager.googleapis.com/v1/projects/revive-fasel-hd:testIamPermissions x-goog-quota-user=projects/revive-fasel-hd
[debug] [2026-02-23T14:47:40.469Z] >>> [apiv2][body] POST https://cloudresourcemanager.googleapis.com/v1/projects/revive-fasel-hd:testIamPermissions {"permissions":["firebase.projects.get","firebasehosting.sites.update"]}
[debug] [2026-02-23T14:47:41.737Z] <<< [apiv2][status] POST https://cloudresourcemanager.googleapis.com/v1/projects/revive-fasel-hd:testIamPermissions 200
[debug] [2026-02-23T14:47:41.738Z] <<< [apiv2][body] POST https://cloudresourcemanager.googleapis.com/v1/projects/revive-fasel-hd:testIamPermissions {"permissions":["firebase.projects.get","firebasehosting.sites.update"]}
[debug] [2026-02-23T14:47:41.738Z] Checked if tokens are valid: true, expires at: 1771860461192
[debug] [2026-02-23T14:47:41.738Z] Checked if tokens are valid: true, expires at: 1771860461192
[debug] [2026-02-23T14:47:41.739Z] >>> [apiv2][query] GET https://firebase.googleapis.com/v1beta1/projects/revive-fasel-hd [none]
[debug] [2026-02-23T14:47:42.473Z] <<< [apiv2][status] GET https://firebase.googleapis.com/v1beta1/projects/revive-fasel-hd 200
[debug] [2026-02-23T14:47:42.473Z] <<< [apiv2][body] GET https://firebase.googleapis.com/v1beta1/projects/revive-fasel-hd {"projectId":"revive-fasel-hd","projectNumber":"767427934995","displayName":"REvive FaselHD","name":"projects/revive-fasel-hd","resources":{"hostingSite":"revive-fasel-hd","realtimeDatabaseInstance":"revive-fasel-hd-default-rtdb"},"state":"ACTIVE","etag":"1_deb3a1fa-cf6a-4d63-a21f-4dbd07d13006"}
[debug] [2026-02-23T14:47:44.325Z] defaultcredentials: writing to file C:\Users\Admin\AppData\Roaming\firebase\tt666tta_gmail_com_application_default_credentials.json
[debug] [2026-02-23T14:47:44.326Z] Checked if tokens are valid: true, expires at: 1771860461192
[debug] [2026-02-23T14:47:44.326Z] Checked if tokens are valid: true, expires at: 1771860461192
[debug] [2026-02-23T14:47:44.327Z] >>> [apiv2][query] GET https://firebasehosting.googleapis.com/v1beta1/projects/revive-fasel-hd/sites pageToken=&pageSize=10
[debug] [2026-02-23T14:47:45.982Z] <<< [apiv2][status] GET https://firebasehosting.googleapis.com/v1beta1/projects/revive-fasel-hd/sites 200
[debug] [2026-02-23T14:47:45.982Z] <<< [apiv2][body] GET https://firebasehosting.googleapis.com/v1beta1/projects/revive-fasel-hd/sites {"sites":[{"name":"projects/revive-fasel-hd/sites/revive-fasel-hd","defaultUrl":"https://revive-fasel-hd.web.app","type":"DEFAULT_SITE"}]}
[debug] [2026-02-23T14:47:45.983Z] Checked if tokens are valid: true, expires at: 1771860461192
[debug] [2026-02-23T14:47:45.983Z] Checked if tokens are valid: true, expires at: 1771860461192
[debug] [2026-02-23T14:47:45.983Z] >>> [apiv2][query] GET https://firebasehosting.googleapis.com/v1beta1/projects/revive-fasel-hd/sites 
[debug] [2026-02-23T14:47:47.000Z] <<< [apiv2][status] GET https://firebasehosting.googleapis.com/v1beta1/projects/revive-fasel-hd/sites 200
[debug] [2026-02-23T14:47:47.000Z] <<< [apiv2][body] GET https://firebasehosting.googleapis.com/v1beta1/projects/revive-fasel-hd/sites {"sites":[{"name":"projects/revive-fasel-hd/sites/revive-fasel-hd","defaultUrl":"https://revive-fasel-hd.web.app","type":"DEFAULT_SITE"}]}
[debug] [2026-02-23T14:47:47.000Z] Checked if tokens are valid: true, expires at: 1771860461192
[debug] [2026-02-23T14:47:47.001Z] Checked if tokens are valid: true, expires at: 1771860461192
[debug] [2026-02-23T14:47:47.001Z] >>> [apiv2][query] GET https://firebase.googleapis.com/v1beta1/projects/revive-fasel-hd/webApps/-/config [none]
[debug] [2026-02-23T14:47:48.175Z] <<< [apiv2][status] GET https://firebase.googleapis.com/v1beta1/projects/revive-fasel-hd/webApps/-/config 200
[debug] [2026-02-23T14:47:48.175Z] <<< [apiv2][body] GET https://firebase.googleapis.com/v1beta1/projects/revive-fasel-hd/webApps/-/config {"projectId":"revive-fasel-hd","appId":"1:767427934995:web:25248235720bd3b38738e6","databaseURL":"https://revive-fasel-hd-default-rtdb.firebaseio.com","storageBucket":"revive-fasel-hd.firebasestorage.app","apiKey":"AIzaSyAm8dfGJNtnGZoTfG3OFGIze7axhEyz0WU","authDomain":"revive-fasel-hd.firebaseapp.com","messagingSenderId":"767427934995","projectNumber":"767427934995","version":"2"}
[info] 
   Thank you for trying our early preview of Next.js support on Firebase Hosting.
   During the preview, support is best-effort and breaking changes can be expected. Proceed with caution.
   The integration is known to work with Next.js version 12 - 15.0. You may encounter errors.

   Documentation: https://firebase.google.com/docs/hosting/frameworks/nextjs
   File a bug: https://github.com/firebase/firebase-tools/issues/new?template=bug_report.md
   Submit a feature request: https://github.com/firebase/firebase-tools/issues/new?template=feature_request.md

   We'd love to learn from you. Express your interest in helping us shape the future of Firebase Hosting: https://goo.gle/41enW5X

[debug] [2026-02-23T14:47:52.577Z] Checked if tokens are valid: true, expires at: 1771860461192
[debug] [2026-02-23T14:47:52.578Z] Checked if tokens are valid: true, expires at: 1771860461192
[debug] [2026-02-23T14:47:52.578Z] >>> [apiv2][query] GET https://firebasehosting.googleapis.com/v1beta1/projects/revive-fasel-hd/sites/revive-fasel-hd [none]
[debug] [2026-02-23T14:47:53.952Z] <<< [apiv2][status] GET https://firebasehosting.googleapis.com/v1beta1/projects/revive-fasel-hd/sites/revive-fasel-hd 200
[debug] [2026-02-23T14:47:53.953Z] <<< [apiv2][body] GET https://firebasehosting.googleapis.com/v1beta1/projects/revive-fasel-hd/sites/revive-fasel-hd {"name":"projects/revive-fasel-hd/sites/revive-fasel-hd","defaultUrl":"https://revive-fasel-hd.web.app","type":"DEFAULT_SITE"}
[info] ⚠ Warning: Next.js inferred your workspace root, but it may not be correct.
 We detected multiple lockfiles and selected the directory of C:\Users\Admin\package-lock.json as the root directory.
 To silence this warning, set `turbopack.root` in your Next.js config, or consider removing one of the lockfiles if it's not needed.
   See https://nextjs.org/docs/app/api-reference/config/next-config-js/turbopack#root-directory for more information.
 Detected additional lockfiles: 
   * C:\Users\Admin\Desktop\MyNewProj\REviveFaselHD\package-lock.json


[info] ▲ Next.js 16.1.6 (Turbopack)

[info] 

[info]   Creating an optimized production build ...

[info] ✓ Compiled successfully in 5.5s

[info]   Running TypeScript ...

[info]   Collecting page data using 15 workers ...

[info]   Generating static pages using 15 workers (0/12) ...

[info]   Generating static pages using 15 workers (3/12) 

[info]   Generating static pages using 15 workers (6/12) 

[info]   Generating static pages using 15 workers (9/12) 

[info] ✓ Generating static pages using 15 workers (12/12) in 1834.2ms

[info]   Finalizing page optimization ...

[info] 

[info] Route (app)              Revalidate  Expire
┌ ○ /                            4m      1y
├ ○ /_not-found
├ ƒ /api/episode-iframe
├ ƒ /api/extract-video
├ ƒ /api/proxy-image
├ ƒ /api/proxy-player
├ ƒ /api/proxy-stream
├ ƒ /category/[slug]
├ ƒ /episodes/[slug]
├ ○ /favorites
├ ○ /movies                      1m      1y
├ ƒ /movies/[slug]
├ ○ /series                      1m      1y
└ ƒ /series/[slug]


○  (Static)   prerendered as static content
ƒ  (Dynamic)  server-rendered on demand


[info] Building a Cloud Function to run this application. This is needed due to:
[info]  • use of revalidate /movies
[info]  • use of revalidate /
[info]  • use of revalidate /series
[info]  • non-static component /api/episode-iframe/route
[info]  • non-static component /api/extract-video/route
[debug] [2026-02-23T14:48:07.254Z]  • non-static component /api/proxy-image/route
[debug] [2026-02-23T14:48:07.254Z]  • non-static component /api/proxy-player/route
[debug] [2026-02-23T14:48:07.254Z]  • non-static component /api/proxy-stream/route
[debug] [2026-02-23T14:48:07.255Z]  • non-static component /category/[slug]/page
[debug] [2026-02-23T14:48:07.255Z]  • non-static component /episodes/[slug]/page
[debug] [2026-02-23T14:48:07.255Z]  • non-static component /movies/[slug]/page
[debug] [2026-02-23T14:48:07.255Z]  • non-static component /series/[slug]/page
[info] 
[debug] [2026-02-23T14:48:07.313Z] skipping /movies due to revalidate
[debug] [2026-02-23T14:48:07.314Z] skipping / due to revalidate
[debug] [2026-02-23T14:48:07.314Z] skipping /series due to revalidate
[debug] [2026-02-23T14:48:07.367Z] Checked if tokens are valid: true, expires at: 1771860461192
[debug] [2026-02-23T14:48:07.367Z] Checked if tokens are valid: true, expires at: 1771860461192
[debug] [2026-02-23T14:48:07.367Z] >>> [apiv2][query] GET https://firebasehosting.googleapis.com/v1beta1/projects/revive-fasel-hd/sites/revive-fasel-hd [none]
[debug] [2026-02-23T14:48:08.790Z] <<< [apiv2][status] GET https://firebasehosting.googleapis.com/v1beta1/projects/revive-fasel-hd/sites/revive-fasel-hd 200
[debug] [2026-02-23T14:48:08.790Z] <<< [apiv2][body] GET https://firebasehosting.googleapis.com/v1beta1/projects/revive-fasel-hd/sites/revive-fasel-hd {"name":"projects/revive-fasel-hd/sites/revive-fasel-hd","defaultUrl":"https://revive-fasel-hd.web.app","type":"DEFAULT_SITE"}
[debug] [2026-02-23T14:48:11.872Z] [web frameworks] effective firebase.json:  {
  "hosting": [
    {
      "source": ".",
      "ignore": [
        "firebase.json",
        "**/.*",
        "**/node_modules/**"
      ],
      "site": "revive-fasel-hd",
      "rewrites": [
        {
          "source": "/**",
          "function": {
            "functionId": "ssrrevivefaselhd",
            "region": "us-central1",
            "pinTag": true
          }
        }
      ],
      "redirects": [],
      "headers": [
        {
          "source": "/favorites",
          "headers": [
            {
              "key": "x-nextjs-stale-time",
              "value": "300"
            },
            {
              "key": "x-nextjs-prerender",
              "value": "1"
            },
            {
              "key": "x-next-cache-tags",
              "value": "_N_T_/layout,_N_T_/favorites/layout,_N_T_/favorites/page,_N_T_/favorites"
            }
          ]
        },
        {
          "source": "/favicon.ico",
          "headers": [
            {
              "key": "cache-control",
              "value": "public, max-age=0, must-revalidate"
            },
            {
              "key": "content-type",
              "value": "image/x-icon"
            },
            {
              "key": "x-next-cache-tags",
              "value": "_N_T_/layout,_N_T_/favicon.ico/layout,_N_T_/favicon.ico/route,_N_T_/favicon.ico"
            }
          ]
        },
        {
          "source": "/_global-error",
          "headers": [
            {
              "key": "x-nextjs-stale-time",
              "value": "300"
            },
            {
              "key": "x-nextjs-prerender",
              "value": "1"
            },
            {
              "key": "x-next-cache-tags",
              "value": "_N_T_/layout,_N_T_/_global-error/layout,_N_T_/_global-error/page,_N_T_/_global-error"
            }
          ]
        },
        {
          "source": "/_not-found",
          "headers": [
            {
              "key": "x-nextjs-stale-time",
              "value": "300"
            },
            {
              "key": "x-nextjs-prerender",
              "value": "1"
            },
            {
              "key": "x-next-cache-tags",
              "value": "_N_T_/layout,_N_T_/_not-found/layout,_N_T_/_not-found/page,_N_T_/_not-found"
            }
          ]
        },
        {
          "source": "/series",
          "headers": [
            {
              "key": "x-nextjs-stale-time",
              "value": "300"
            },
            {
              "key": "x-nextjs-prerender",
              "value": "1"
            },
            {
              "key": "x-next-cache-tags",
              "value": "_N_T_/layout,_N_T_/series/layout,_N_T_/series/page,_N_T_/series"
            }
          ]
        },
        {
          "source": "/movies",
          "headers": [
            {
              "key": "x-nextjs-stale-time",
              "value": "300"
            },
            {
              "key": "x-nextjs-prerender",
              "value": "1"
            },
            {
              "key": "x-next-cache-tags",
              "value": "_N_T_/layout,_N_T_/movies/layout,_N_T_/movies/page,_N_T_/movies"
            }
          ]
        },
        {
          "source": "/**/*.[jt]s",
          "headers": [
            {
              "key": "Set-Cookie",
              "value": "__FIREBASE_DEFAULTS__=eyJjb25maWciOnsicHJvamVjdElkIjoicmV2aXZlLWZhc2VsLWhkIiwiYXBwSWQiOiIxOjc2NzQyNzkzNDk5NTp3ZWI6MjUyNDgyMzU3MjBiZDNiMzg3MzhlNiIsImRhdGFiYXNlVVJMIjoiaHR0cHM6Ly9yZXZpdmUtZmFzZWwtaGQtZGVmYXVsdC1ydGRiLmZpcmViYXNlaW8uY29tIiwic3RvcmFnZUJ1Y2tldCI6InJldml2ZS1mYXNlbC1oZC5maXJlYmFzZXN0b3JhZ2UuYXBwIiwiYXBpS2V5IjoiQUl6YVN5QW04ZGZHSk50bkdab1RmRzNPRkdJemU3YXhoRXl6MFdVIiwiYXV0aERvbWFpbiI6InJldml2ZS1mYXNlbC1oZC5maXJlYmFzZWFwcC5jb20iLCJtZXNzYWdpbmdTZW5kZXJJZCI6Ijc2NzQyNzkzNDk5NSIsInByb2plY3ROdW1iZXIiOiI3Njc0Mjc5MzQ5OTUiLCJ2ZXJzaW9uIjoiMiJ9LCJfYXV0aFRva2VuU3luY1VSTCI6Ii9fX3Nlc3Npb24ifQ; SameSite=Strict; Expires=2028-01-19T01:28:11.872Z; Path=/;"
            }
          ]
        }
      ],
      "cleanUrls": true,
      "trailingSlash": false,
      "public": ".firebase\\revive-fasel-hd\\hosting",
      "webFramework": "next_ssr"
    }
  ],
  "functions": [
    {
      "source": ".firebase\\revive-fasel-hd\\functions",
      "codebase": "firebase-frameworks-revive-fasel-hd"
    }
  ]
}
[debug] [2026-02-23T14:48:11.873Z] > command requires scopes: ["email","openid","https://www.googleapis.com/auth/cloudplatformprojects.readonly","https://www.googleapis.com/auth/firebase","https://www.googleapis.com/auth/cloud-platform"]
[debug] [2026-02-23T14:48:11.874Z] > authorizing via signed-in user (tt666tta@gmail.com)
[debug] [2026-02-23T14:48:11.874Z] [iam] checking project revive-fasel-hd for permissions ["cloudfunctions.functions.create","cloudfunctions.functions.delete","cloudfunctions.functions.get","cloudfunctions.functions.list","cloudfunctions.functions.update","cloudfunctions.operations.get","firebase.projects.get"]
[debug] [2026-02-23T14:48:11.874Z] Checked if tokens are valid: true, expires at: 1771860461192
[debug] [2026-02-23T14:48:11.874Z] Checked if tokens are valid: true, expires at: 1771860461192
[debug] [2026-02-23T14:48:11.874Z] >>> [apiv2][query] POST https://cloudresourcemanager.googleapis.com/v1/projects/revive-fasel-hd:testIamPermissions [none]
[debug] [2026-02-23T14:48:11.874Z] >>> [apiv2][(partial)header] POST https://cloudresourcemanager.googleapis.com/v1/projects/revive-fasel-hd:testIamPermissions x-goog-quota-user=projects/revive-fasel-hd
[debug] [2026-02-23T14:48:11.875Z] >>> [apiv2][body] POST https://cloudresourcemanager.googleapis.com/v1/projects/revive-fasel-hd:testIamPermissions {"permissions":["cloudfunctions.functions.create","cloudfunctions.functions.delete","cloudfunctions.functions.get","cloudfunctions.functions.list","cloudfunctions.functions.update","cloudfunctions.operations.get","firebase.projects.get"]}
[debug] [2026-02-23T14:48:13.073Z] <<< [apiv2][status] POST https://cloudresourcemanager.googleapis.com/v1/projects/revive-fasel-hd:testIamPermissions 200
[debug] [2026-02-23T14:48:13.073Z] <<< [apiv2][body] POST https://cloudresourcemanager.googleapis.com/v1/projects/revive-fasel-hd:testIamPermissions {"permissions":["cloudfunctions.functions.create","cloudfunctions.functions.delete","cloudfunctions.functions.get","cloudfunctions.functions.list","cloudfunctions.functions.update","cloudfunctions.operations.get","firebase.projects.get"]}
[debug] [2026-02-23T14:48:13.074Z] Checked if tokens are valid: true, expires at: 1771860461192
[debug] [2026-02-23T14:48:13.074Z] Checked if tokens are valid: true, expires at: 1771860461192
[debug] [2026-02-23T14:48:13.075Z] >>> [apiv2][query] GET https://cloudfunctions.googleapis.com/v1/projects/revive-fasel-hd/locations/-/functions [none]
[debug] [2026-02-23T14:48:13.900Z] <<< [apiv2][status] GET https://cloudfunctions.googleapis.com/v1/projects/revive-fasel-hd/locations/-/functions 403
[debug] [2026-02-23T14:48:13.900Z] <<< [apiv2][body] GET https://cloudfunctions.googleapis.com/v1/projects/revive-fasel-hd/locations/-/functions {"error":{"code":403,"message":"Cloud Functions API has not been used in project revive-fasel-hd before or it is disabled. Enable it by visiting https://console.developers.google.com/apis/api/cloudfunctions.googleapis.com/overview?project=revive-fasel-hd then retry. If you enabled this API recently, wait a few minutes for the action to propagate to our systems and retry.","status":"PERMISSION_DENIED","details":[{"@type":"type.googleapis.com/google.rpc.ErrorInfo","reason":"SERVICE_DISABLED","domain":"googleapis.com","metadata":{"service":"cloudfunctions.googleapis.com","serviceTitle":"Cloud Functions API","consumer":"projects/revive-fasel-hd","containerInfo":"revive-fasel-hd","activationUrl":"https://console.developers.google.com/apis/api/cloudfunctions.googleapis.com/overview?project=revive-fasel-hd"}},{"@type":"type.googleapis.com/google.rpc.LocalizedMessage","locale":"en-US","message":"Cloud Functions API has not been used in project revive-fasel-hd before or it is disabled. Enable it by visiting https://console.developers.google.com/apis/api/cloudfunctions.googleapis.com/overview?project=revive-fasel-hd then retry. If you enabled this API recently, wait a few minutes for the action to propagate to our systems and retry."},{"@type":"type.googleapis.com/google.rpc.Help","links":[{"description":"Google developers console API activation","url":"https://console.developers.google.com/apis/api/cloudfunctions.googleapis.com/overview?project=revive-fasel-hd"}]}]}}
[debug] [2026-02-23T14:48:13.901Z] [functions] failed to list functions for revive-fasel-hd
[debug] [2026-02-23T14:48:13.901Z] [functions] Request to https://cloudfunctions.googleapis.com/v1/projects/revive-fasel-hd/locations/-/functions had HTTP Error: 403, Cloud Functions API has not been used in project revive-fasel-hd before or it is disabled. Enable it by visiting https://console.developers.google.com/apis/api/cloudfunctions.googleapis.com/overview?project=revive-fasel-hd then retry. If you enabled this API recently, wait a few minutes for the action to propagate to our systems and retry.
[debug] [2026-02-23T14:48:13.907Z] FirebaseError: Request to https://cloudfunctions.googleapis.com/v1/projects/revive-fasel-hd/locations/-/functions had HTTP Error: 403, Cloud Functions API has not been used in project revive-fasel-hd before or it is disabled. Enable it by visiting https://console.developers.google.com/apis/api/cloudfunctions.googleapis.com/overview?project=revive-fasel-hd then retry. If you enabled this API recently, wait a few minutes for the action to propagate to our systems and retry.
    at responseToError (C:\Users\Admin\AppData\Roaming\npm\node_modules\firebase-tools\lib\responseToError.js:53:12)
    at RetryOperation._fn (C:\Users\Admin\AppData\Roaming\npm\node_modules\firebase-tools\lib\apiv2.js:322:77)
    at process.processTicksAndRejections (node:internal/process/task_queues:95:5)
[error] 
[error] Error: Failed to list functions for revive-fasel-hd
